<?xml version="1.0" encoding="UTF-8"?>
<testsuite xmlns:xsi="http://www.w3.org/2001/XMLSchema-instance" xsi:noNamespaceSchemaLocation="https://maven.apache.org/surefire/maven-surefire-plugin/xsd/surefire-test-report.xsd" version="3.0.2" name="TestSuite" time="2.075" tests="2" errors="0" skipped="0" failures="0">
  <properties>
[...]
</properties>
  <testcase name="runScenario[&quot;simple search&quot;, &quot;Optional[google search]&quot;](1)" classname="runners.TestRunner" time="0.181"/>
  <testcase name="runScenario[&quot;simple search&quot;, &quot;Optional[google search]&quot;](2)" classname="runners.TestRunner" time="0.002"/>
</testsuite>